#
# A fatal error has been detected by the Java Runtime Environment:
#
#  EXCEPTION_ACCESS_VIOLATION (0xc0000005) at pc=0x00007ff839b67cbc, pid=26328, tid=21400
#
# JRE version: OpenJDK Runtime Environment (16.0.1+9) (build 16.0.1+9-24)
# Java VM: OpenJDK 64-Bit Server VM (16.0.1+9-24, mixed mode, tiered, compressed oops, compressed class ptrs, g1 gc, windows-amd64)
# Problematic frame:
# V  [jvm.dll+0x647cbc]
#
# No core dump will be written. Minidumps are not enabled by default on client versions of Windows
#
# If you would like to submit a bug report, please visit:
#   https://bugreport.java.com/bugreport/crash.jsp
#

---------------  S U M M A R Y ------------

Command Line: -ea -Dfile.encoding=Cp1252 -XX:+ShowCodeDetailsInExceptionMessages org.testng.remote.RemoteTestNG -serport 62070 -protocol json -d D:\b6_workspace\Batch6\test-output C:\Users\Lenovo\AppData\Local\Temp\testng-eclipse--629149513\testng-customsuite.xml

Host: Intel(R) Core(TM) i5-8265U CPU @ 1.60GHz, 8 cores, 19G,  Windows 10 , 64 bit Build 22000 (10.0.22000.708)
Time: Tue Sep 20 07:44:39 2022 India Standard Time elapsed time: 1.731308 seconds (0d 0h 0m 1s)

---------------  T H R E A D  ---------------

Current thread (0x00000278e67437e0):  JavaThread "C2 CompilerThread1" daemon [_thread_in_native, id=21400, stack(0x000000eb90d00000,0x000000eb90e00000)]


Current CompileTask:
C2:   1731 2215       4       java.lang.invoke.MethodType::makeImpl (108 bytes)

Stack: [0x000000eb90d00000,0x000000eb90e00000],  sp=0x000000eb90dfda40,  free space=1014k
Native frames: (J=compiled Java code, j=interpreted, Vv=VM code, C=native code)
V  [jvm.dll+0x647cbc]
V  [jvm.dll+0x2208e7]
V  [jvm.dll+0x68c27b]
V  [jvm.dll+0x2150c3]
V  [jvm.dll+0x1a1d9b]
V  [jvm.dll+0x2253a8]
V  [jvm.dll+0x2233ec]
V  [jvm.dll+0x780002]
V  [jvm.dll+0x779b4a]
V  [jvm.dll+0x667666]
C  [ucrtbase.dll+0x26c0c]
C  [KERNEL32.DLL+0x154e0]
C  [ntdll.dll+0x485b]


siginfo: EXCEPTION_ACCESS_VIOLATION (0xc0000005), reading address 0xffffffffffffffff


Register to memory mapping:

RIP=0x00007ff839b67cbc jvm.dll
RAX=0x00007ff839dca69a jvm.dll
RBX=0x000002788868cb38 points into unknown readable memory: 0x00007ff839dc2b08 | 08 2b dc 39 f8 7f 00 00
RCX=0x000002788868cae8 points into unknown readable memory: 0x00007ff839dca69a | 9a a6 dc 39 f8 7f 00 00
RDX=0x0000000000000015 is an unknown value
RSP=0x000000eb90dfda40 is pointing into the stack for thread: 0x00000278e67437e0
RBP=0x00000000000024f1 is an unknown value
RSI=0x000000eb90dfeb80 is pointing into the stack for thread: 0x00000278e67437e0
RDI=0x000002788868cae8 points into unknown readable memory: 0x00007ff839dca69a | 9a a6 dc 39 f8 7f 00 00
R8 =0x00000000000000ae is an unknown value
R9 =0x0000000000000001 is an unknown value
R10=0x000002788868cb88 points into unknown readable memory: 0x000002788868cb38 | 38 cb 68 88 78 02 00 00
R11=0x000002788868cb88 points into unknown readable memory: 0x000002788868cb38 | 38 cb 68 88 78 02 00 00
R12=0x0 is NULL
R13=0x00000278e458ebd0 points into unknown readable memory: 0x0000000000000000 | 00 00 00 00 00 00 00 00
R14=0x000000eb90dfdba0 is pointing into the stack for thread: 0x00000278e67437e0
R15=0x0000000000000003 is an unknown value


Registers:
RAX=0x00007ff839dca69a, RBX=0x000002788868cb38, RCX=0x000002788868cae8, RDX=0x0000000000000015
RSP=0x000000eb90dfda40, RBP=0x00000000000024f1, RSI=0x000000eb90dfeb80, RDI=0x000002788868cae8
R8 =0x00000000000000ae, R9 =0x0000000000000001, R10=0x000002788868cb88, R11=0x000002788868cb88
R12=0x0000000000000000, R13=0x00000278e458ebd0, R14=0x000000eb90dfdba0, R15=0x0000000000000003
RIP=0x00007ff839b67cbc, EFLAGS=0x0000000000010202

Top of Stack: (sp=0x000000eb90dfda40)
0x000000eb90dfda40:   000002788941c250 00007ff83973ced3
0x000000eb90dfda50:   000000eb90dfdce0 000000eb90dfdbd0
0x000000eb90dfda60:   000000eb90dfdce0 00007ff8397408e7
0x000000eb90dfda70:   000002788868cae8 000000eb90dfeb80
0x000000eb90dfda80:   0000000000000003 000000eb90dfdd30
0x000000eb90dfda90:   000000eb90dfdd30 00007ff839bac27b
0x000000eb90dfdaa0:   0000027889afac40 000000eb90dfdbd0
0x000000eb90dfdab0:   000000eb90dfdcd0 000000eb90dfdcd0
0x000000eb90dfdac0:   000000eb90dfeb80 00007ff8397350c3
0x000000eb90dfdad0:   0000027889afac40 000000eb90dfdbd0
0x000000eb90dfdae0:   0000000000000002 0000000000000001
0x000000eb90dfdaf0:   0000000000000000 0000000000000000
0x000000eb90dfdb00:   0000000000000000 0000000000000000
0x000000eb90dfdb10:   0000000000000000 0000000000000000
0x000000eb90dfdb20:   0000000000000000 0000000000000000
0x000000eb90dfdb30:   0000000000000000 00007ff839dd0a2c 

Instructions: (pc=0x00007ff839b67cbc)
0x00007ff839b67bbc:   74 24 18 57 48 83 ec 20 48 8b 59 10 8b ea 8b 41
0x00007ff839b67bcc:   20 48 8d 34 c3 48 3b de 73 22 66 66 0f 1f 84 00
0x00007ff839b67bdc:   00 00 00 00 48 8b 3b 48 8b cf 48 8b 07 ff 10 3b
0x00007ff839b67bec:   c5 74 0b 48 83 c3 08 48 3b de 72 e8 33 ff 48 8b
0x00007ff839b67bfc:   5c 24 30 48 85 ff 48 8b 6c 24 38 48 8b 74 24 40
0x00007ff839b67c0c:   0f 95 c0 48 83 c4 20 5f c3 cc cc cc cc cc cc cc
0x00007ff839b67c1c:   cc cc cc cc 48 89 5c 24 08 48 89 6c 24 10 48 89
0x00007ff839b67c2c:   74 24 18 57 41 56 41 57 48 83 ec 20 48 8b 59 10
0x00007ff839b67c3c:   41 8b e9 8b 41 20 45 8b f0 44 8b fa 48 8d 3c c3
0x00007ff839b67c4c:   48 3b df 73 27 8b 74 24 60 48 8b 0b 48 8b 01 ff
0x00007ff839b67c5c:   10 41 3b c7 74 31 41 3b c6 74 2c 3b c5 74 28 3b
0x00007ff839b67c6c:   c6 74 24 48 83 c3 08 48 3b df 72 dd 32 c0 48 8b
0x00007ff839b67c7c:   5c 24 40 48 8b 6c 24 48 48 8b 74 24 50 48 83 c4
0x00007ff839b67c8c:   20 41 5f 41 5e 5f c3 b0 01 eb e3 cc cc cc cc cc
0x00007ff839b67c9c:   cc cc cc cc 48 89 5c 24 08 48 89 74 24 10 57 48
0x00007ff839b67cac:   83 ec 20 48 8b 41 10 48 8b f9 48 8b 18 48 8b 01
0x00007ff839b67cbc:   ff 10 44 8b 47 2c 41 8b d0 83 e2 7f 8b f0 80 fa
0x00007ff839b67ccc:   50 75 3a 48 8b 13 48 8b cb ff 12 3b c6 75 1c 48
0x00007ff839b67cdc:   8b 43 08 48 39 78 08 75 12 b0 01 48 8b 5c 24 30
0x00007ff839b67cec:   48 8b 74 24 38 48 83 c4 20 5f c3 32 c0 48 8b 5c
0x00007ff839b67cfc:   24 30 48 8b 74 24 38 48 83 c4 20 5f c3 41 8b c0
0x00007ff839b67d0c:   83 e0 3f 3c 30 0f 84 c6 00 00 00 41 8b c0 25 ff
0x00007ff839b67d1c:   03 00 00 3d 04 03 00 00 0f 84 b3 00 00 00 41 8b
0x00007ff839b67d2c:   c0 83 e0 0f 3c 0c 0f 84 a5 00 00 00 83 fe 18 75
0x00007ff839b67d3c:   2b 48 8b 03 48 8b cb ff 10 3d 81 00 00 00 75 ab
0x00007ff839b67d4c:   48 8b 43 08 48 39 78 08 75 a1 b0 01 48 8b 5c 24
0x00007ff839b67d5c:   30 48 8b 74 24 38 48 83 c4 20 5f c3 8d 86 ca fe
0x00007ff839b67d6c:   ff ff 83 f8 01 76 3a 41 83 e0 1f 41 80 f8 15 0f
0x00007ff839b67d7c:   85 76 ff ff ff 8b 4b 2c 8b c1 25 ff 01 00 00 3d
0x00007ff839b67d8c:   48 01 00 00 74 09 80 f9 c8 0f 85 5c ff ff ff b0
0x00007ff839b67d9c:   01 48 8b 5c 24 30 48 8b 74 24 38 48 83 c4 20 5f
0x00007ff839b67dac:   c3 48 8b 03 48 8b cb ff 10 3b c6 0f 85 3a ff ff 


Stack slot to memory mapping:
stack at sp + 0 slots: 0x000002788941c250 points into unknown readable memory: 0x00007ff839e611e0 | e0 11 e6 39 f8 7f 00 00
stack at sp + 1 slots: 0x00007ff83973ced3 jvm.dll
stack at sp + 2 slots: 0x000000eb90dfdce0 is pointing into the stack for thread: 0x00000278e67437e0
stack at sp + 3 slots: 0x000000eb90dfdbd0 is pointing into the stack for thread: 0x00000278e67437e0
stack at sp + 4 slots: 0x000000eb90dfdce0 is pointing into the stack for thread: 0x00000278e67437e0
stack at sp + 5 slots: 0x00007ff8397408e7 jvm.dll
stack at sp + 6 slots: 0x000002788868cae8 points into unknown readable memory: 0x00007ff839dca69a | 9a a6 dc 39 f8 7f 00 00
stack at sp + 7 slots: 0x000000eb90dfeb80 is pointing into the stack for thread: 0x00000278e67437e0


---------------  P R O C E S S  ---------------

Threads class SMR info:
_java_thread_list=0x0000027889854fc0, length=22, elements={
0x00000278e67428a0, 0x00000278877cb010, 0x00000278877cdc20, 0x00000278877e7260,
0x00000278877e7b70, 0x00000278877e8570, 0x00000278877e8f70, 0x00000278877ed1a0,
0x00000278877edc90, 0x00000278877ee9d0, 0x00000278882a5ef0, 0x00000278882a44c0,
0x00000278e67437e0, 0x00000278889bb830, 0x00000278888fbf90, 0x00000278894dc1f0,
0x00000278894dd370, 0x00000278894c4ca0, 0x00000278894ca0e0, 0x00000278891a1f80,
0x000002788971feb0, 0x0000027889720400
}

Java Threads: ( => current thread )
  0x00000278e67428a0 JavaThread "Forwarding newSession on session null to remote" [_thread_in_native, id=28112, stack(0x000000eb8fa00000,0x000000eb8fb00000)]
  0x00000278877cb010 JavaThread "Reference Handler" daemon [_thread_blocked, id=17164, stack(0x000000eb90100000,0x000000eb90200000)]
  0x00000278877cdc20 JavaThread "Finalizer" daemon [_thread_blocked, id=2740, stack(0x000000eb90200000,0x000000eb90300000)]
  0x00000278877e7260 JavaThread "Signal Dispatcher" daemon [_thread_blocked, id=24584, stack(0x000000eb90300000,0x000000eb90400000)]
  0x00000278877e7b70 JavaThread "Attach Listener" daemon [_thread_blocked, id=22388, stack(0x000000eb90400000,0x000000eb90500000)]
  0x00000278877e8570 JavaThread "Service Thread" daemon [_thread_blocked, id=23656, stack(0x000000eb90500000,0x000000eb90600000)]
  0x00000278877e8f70 JavaThread "Monitor Deflation Thread" daemon [_thread_blocked, id=14860, stack(0x000000eb90600000,0x000000eb90700000)]
  0x00000278877ed1a0 JavaThread "C2 CompilerThread0" daemon [_thread_in_native, id=21900, stack(0x000000eb90700000,0x000000eb90800000)]
  0x00000278877edc90 JavaThread "C1 CompilerThread0" daemon [_thread_blocked, id=12196, stack(0x000000eb90800000,0x000000eb90900000)]
  0x00000278877ee9d0 JavaThread "Sweeper thread" daemon [_thread_blocked, id=16336, stack(0x000000eb90900000,0x000000eb90a00000)]
  0x00000278882a5ef0 JavaThread "Notification Thread" daemon [_thread_blocked, id=24072, stack(0x000000eb90a00000,0x000000eb90b00000)]
  0x00000278882a44c0 JavaThread "Common-Cleaner" daemon [_thread_blocked, id=30856, stack(0x000000eb90c00000,0x000000eb90d00000)]
=>0x00000278e67437e0 JavaThread "C2 CompilerThread1" daemon [_thread_in_native, id=21400, stack(0x000000eb90d00000,0x000000eb90e00000)]
  0x00000278889bb830 JavaThread "ReaderThread" [_thread_in_native, id=29652, stack(0x000000eb90f00000,0x000000eb91000000)]
  0x00000278888fbf90 JavaThread "C2 CompilerThread2" daemon [_thread_blocked, id=8084, stack(0x000000eb91000000,0x000000eb91100000)]
  0x00000278894dc1f0 JavaThread "Exec Default Executor" daemon [_thread_in_native, id=16328, stack(0x000000eb91900000,0x000000eb91a00000)]
  0x00000278894dd370 JavaThread "UrlChecker-2" daemon [_thread_blocked, id=23372, stack(0x000000eb91a00000,0x000000eb91b00000)]
  0x00000278894c4ca0 JavaThread "Exec Stream Pumper" daemon [_thread_in_native, id=30540, stack(0x000000eb91b00000,0x000000eb91c00000)]
  0x00000278894ca0e0 JavaThread "Exec Stream Pumper" daemon [_thread_in_native, id=23796, stack(0x000000eb91c00000,0x000000eb91d00000)]
  0x00000278891a1f80 JavaThread "Keep-Alive-Timer" daemon [_thread_blocked, id=31668, stack(0x000000eb91d00000,0x000000eb91e00000)]
  0x000002788971feb0 JavaThread "OkHttp ConnectionPool" daemon [_thread_blocked, id=25688, stack(0x000000eb91e00000,0x000000eb91f00000)]
  0x0000027889720400 JavaThread "Okio Watchdog" daemon [_thread_blocked, id=3660, stack(0x000000eb91f00000,0x000000eb92000000)]

Other Threads:
  0x00000278877b7e20 VMThread "VM Thread" [stack: 0x000000eb90000000,0x000000eb90100000] [id=28668]
  0x00000278882a6410 WatcherThread [stack: 0x000000eb90b00000,0x000000eb90c00000] [id=8480]
  0x00000278e6798b70 GCTaskThread "GC Thread#0" [stack: 0x000000eb8fb00000,0x000000eb8fc00000] [id=10972]
  0x0000027888cdd7c0 GCTaskThread "GC Thread#1" [stack: 0x000000eb91100000,0x000000eb91200000] [id=31368]
  0x0000027888cddad0 GCTaskThread "GC Thread#2" [stack: 0x000000eb91200000,0x000000eb91300000] [id=22836]
  0x00000278885f4bd0 GCTaskThread "GC Thread#3" [stack: 0x000000eb91300000,0x000000eb91400000] [id=5692]
  0x00000278885f4ee0 GCTaskThread "GC Thread#4" [stack: 0x000000eb91400000,0x000000eb91500000] [id=27392]
  0x00000278885f51f0 GCTaskThread "GC Thread#5" [stack: 0x000000eb91500000,0x000000eb91600000] [id=9248]
  0x00000278885f5500 GCTaskThread "GC Thread#6" [stack: 0x000000eb91600000,0x000000eb91700000] [id=29436]
  0x0000027889352b70 GCTaskThread "GC Thread#7" [stack: 0x000000eb91700000,0x000000eb91800000] [id=16500]
  0x00000278e67a3d20 ConcurrentGCThread "G1 Main Marker" [stack: 0x000000eb8fc00000,0x000000eb8fd00000] [id=8096]
  0x00000278e67a5e60 ConcurrentGCThread "G1 Conc#0" [stack: 0x000000eb8fd00000,0x000000eb8fe00000] [id=30776]
  0x000002788931bba0 ConcurrentGCThread "G1 Conc#1" [stack: 0x000000eb91800000,0x000000eb91900000] [id=8520]
  0x0000027887610090 ConcurrentGCThread "G1 Refine#0" [stack: 0x000000eb8fe00000,0x000000eb8ff00000] [id=10676]
  0x0000027887611a40 ConcurrentGCThread "G1 Service" [stack: 0x000000eb8ff00000,0x000000eb90000000] [id=17116]

Threads with active compile tasks:
C2 CompilerThread0     1772 2258       4       jdk.internal.org.objectweb.asm.SymbolTable::addConstantUtf8Reference (101 bytes)
C2 CompilerThread1     1772 2215       4       java.lang.invoke.MethodType::makeImpl (108 bytes)

VM state: not at safepoint (normal execution)

VM Mutex/Monitor currently owned by a thread: None

Heap address: 0x00000006c1c00000, size: 5092 MB, Compressed Oops mode: Zero based, Oop shift amount: 3

CDS disabled.
Compressed class space mapped at: 0x0000000800000000-0x0000000840000000, reserved size: 1073741824
Narrow klass base: 0x0000000800000000, Narrow klass shift: 0, Narrow klass range: 0x40000000

GC Precious Log:
 CPUs: 8 total, 8 available
 Memory: 20360M
 Large Page Support: Disabled
 NUMA Support: Disabled
 Compressed Oops: Enabled (Zero based)
 Heap Region Size: 4M
 Heap Min Capacity: 8M
 Heap Initial Capacity: 320M
 Heap Max Capacity: 5092M
 Pre-touch: Disabled
 Parallel Workers: 8
 Concurrent Workers: 2
 Concurrent Refinement Workers: 8
 Periodic GC: Disabled

Heap:
 garbage-first heap   total 57344K, used 25249K [0x00000006c1c00000, 0x0000000800000000)
  region size 4096K, 7 young (28672K), 2 survivors (8192K)
 Metaspace       used 25286K, committed 25536K, reserved 1073152K
  class space    used 2718K, committed 2816K, reserved 1048576K

Heap Regions: E=young(eden), S=young(survivor), O=old, HS=humongous(starts), HC=humongous(continues), CS=collection set, F=free, OA=open archive, CA=closed archive, TAMS=top-at-mark-start (previous, next)
|   0|0x00000006c1c00000, 0x00000006c1ff3800, 0x00000006c2000000| 98%| O|  |TAMS 0x00000006c1ff3800, 0x00000006c1c00000| Untracked 
|   1|0x00000006c2000000, 0x00000006c2000000, 0x00000006c2400000|  0%| F|  |TAMS 0x00000006c2000000, 0x00000006c2000000| Untracked 
|   2|0x00000006c2400000, 0x00000006c2400000, 0x00000006c2800000|  0%| F|  |TAMS 0x00000006c2400000, 0x00000006c2400000| Untracked 
|   3|0x00000006c2800000, 0x00000006c2800000, 0x00000006c2c00000|  0%| F|  |TAMS 0x00000006c2800000, 0x00000006c2800000| Untracked 
|   4|0x00000006c2c00000, 0x00000006c2c00000, 0x00000006c3000000|  0%| F|  |TAMS 0x00000006c2c00000, 0x00000006c2c00000| Untracked 
|   5|0x00000006c3000000, 0x00000006c3000000, 0x00000006c3400000|  0%| F|  |TAMS 0x00000006c3000000, 0x00000006c3000000| Untracked 
|   6|0x00000006c3400000, 0x00000006c3400000, 0x00000006c3800000|  0%| F|  |TAMS 0x00000006c3400000, 0x00000006c3400000| Untracked 
|   7|0x00000006c3800000, 0x00000006c3abf5b0, 0x00000006c3c00000| 68%| E|  |TAMS 0x00000006c3800000, 0x00000006c3800000| Complete 
|   8|0x00000006c3c00000, 0x00000006c4000000, 0x00000006c4000000|100%| E|CS|TAMS 0x00000006c3c00000, 0x00000006c3c00000| Complete 
|   9|0x00000006c4000000, 0x00000006c4400000, 0x00000006c4400000|100%| E|CS|TAMS 0x00000006c4000000, 0x00000006c4000000| Complete 
|  10|0x00000006c4400000, 0x00000006c4800000, 0x00000006c4800000|100%| E|CS|TAMS 0x00000006c4400000, 0x00000006c4400000| Complete 
|  72|0x00000006d3c00000, 0x00000006d3cb4f58, 0x00000006d4000000| 17%| S|CS|TAMS 0x00000006d3c00000, 0x00000006d3c00000| Complete 
|  73|0x00000006d4000000, 0x00000006d4400000, 0x00000006d4400000|100%| S|CS|TAMS 0x00000006d4000000, 0x00000006d4000000| Complete 
|  79|0x00000006d5800000, 0x00000006d5c00000, 0x00000006d5c00000|100%| E|CS|TAMS 0x00000006d5800000, 0x00000006d5800000| Complete 

Card table byte_map: [0x00000278f99e0000,0x00000278fa3e0000] _byte_map_base: 0x00000278f63d2000

Marking Bits (Prev, Next): (CMBitMap*) 0x00000278e67992a0, (CMBitMap*) 0x00000278e6799260
 Prev Bits: [0x0000027880000000, 0x0000027884f90000)
 Next Bits: [0x00000278fade0000, 0x00000278ffd70000)

Polling page: 0x00000278e5f20000

Metaspace:

Usage:
  Non-class:     22.04 MB used.
      Class:      2.65 MB used.
       Both:     24.69 MB used.

Virtual space:
  Non-class space:       24.00 MB reserved,      22.19 MB ( 92%) committed,  3 nodes.
      Class space:        1.00 GB reserved,       2.75 MB ( <1%) committed,  1 nodes.
              Both:        1.02 GB reserved,      24.94 MB (  2%) committed. 

Chunk freelists:
   Non-Class:  1.08 MB
       Class:  1.19 MB
        Both:  2.27 MB

MaxMetaspaceSize: 17179869184.00 GB
CompressedClassSpaceSize: 1.00 GB
 - commit_granule_bytes: 65536.
 - commit_granule_words: 8192.
 - virtual_space_node_default_size: 1048576.
 - enlarge_chunks_in_place: 1.
 - new_chunks_are_fully_committed: 0.
 - uncommit_free_chunks: 1.
 - use_allocation_guard: 0.
 - handle_deallocations: 1.


Internal statistics:

num_allocs_failed_limit: 3.
num_arena_births: 282.
num_arena_deaths: 0.
num_vsnodes_births: 4.
num_vsnodes_deaths: 0.
num_space_committed: 399.
num_space_uncommitted: 0.
num_chunks_returned_to_freelist: 3.
num_chunks_taken_from_freelist: 722.
num_chunk_merges: 3.
num_chunk_splits: 455.
num_chunks_enlarged: 312.
num_purges: 0.

CodeHeap 'non-profiled nmethods': size=120000Kb used=961Kb max_used=961Kb free=119039Kb
 bounds [0x00000278f1780000, 0x00000278f19f0000, 0x00000278f8cb0000]
CodeHeap 'profiled nmethods': size=120000Kb used=4552Kb max_used=4552Kb free=115447Kb
 bounds [0x00000278ea250000, 0x00000278ea6d0000, 0x00000278f1780000]
CodeHeap 'non-nmethods': size=5760Kb used=1217Kb max_used=1268Kb free=4542Kb
 bounds [0x00000278e9cb0000, 0x00000278e9f20000, 0x00000278ea250000]
 total_blobs=2777 nmethods=2265 adapters=424
 compilation: enabled
              stopped_count=0, restarted_count=0
 full_count=0

Compilation events (20 events):
Event: 1.669 Thread 0x00000278877edc90 2232       3       java.util.stream.AbstractPipeline::sourceSpliterator (265 bytes)
Event: 1.670 Thread 0x00000278877edc90 nmethod 2232 0x00000278ea6a8f90 code [0x00000278ea6a9200, 0x00000278ea6aa008]
Event: 1.670 Thread 0x00000278877edc90 2228       3       java.lang.invoke.InfoFromMemberName::getMethodType (8 bytes)
Event: 1.670 Thread 0x00000278877edc90 nmethod 2228 0x00000278ea6aa490 code [0x00000278ea6aa640, 0x00000278ea6aa788]
Event: 1.670 Thread 0x00000278877edc90 2229       3       java.lang.invoke.TypeConvertingMethodAdapter::<init> (8 bytes)
Event: 1.670 Thread 0x00000278877edc90 nmethod 2229 0x00000278ea6aa890 code [0x00000278ea6aaa40, 0x00000278ea6aab88]
Event: 1.670 Thread 0x00000278877edc90 2230       3       jdk.internal.org.objectweb.asm.MethodVisitor::visitCode (15 bytes)
Event: 1.670 Thread 0x00000278877edc90 nmethod 2230 0x00000278ea6aac10 code [0x00000278ea6aadc0, 0x00000278ea6aafc8]
Event: 1.670 Thread 0x00000278877edc90 2231       3       jdk.internal.org.objectweb.asm.MethodVisitor::visitMaxs (17 bytes)
Event: 1.670 Thread 0x00000278877edc90 nmethod 2231 0x00000278ea6ab090 code [0x00000278ea6ab240, 0x00000278ea6ab448]
Event: 1.670 Thread 0x00000278877edc90 2227       3       java.lang.reflect.AccessibleObject::setAccessible0 (7 bytes)
Event: 1.670 Thread 0x00000278877edc90 nmethod 2227 0x00000278ea6ab510 code [0x00000278ea6ab6a0, 0x00000278ea6ab7b8]
Event: 1.685 Thread 0x00000278877ed1a0 nmethod 2233% 0x00000278f1863a10 code [0x00000278f1863be0, 0x00000278f1864798]
Event: 1.685 Thread 0x00000278877ed1a0 2234   !   4       org.openqa.selenium.json.Input::init (71 bytes)
Event: 1.695 Thread 0x00000278877ed1a0 nmethod 2234 0x00000278f1864d90 code [0x00000278f1864f80, 0x00000278f1865bf8]
Event: 1.699 Thread 0x00000278877ed1a0 2235       4       java.util.AbstractSet::<init> (5 bytes)
Event: 1.700 Thread 0x00000278877ed1a0 nmethod 2235 0x00000278f1866510 code [0x00000278f1866680, 0x00000278f18666f8]
Event: 1.711 Thread 0x00000278877ed1a0 2236       4       java.util.LinkedHashMap::newNode (23 bytes)
Event: 1.711 Thread 0x00000278877edc90 2237       3       com.google.common.base.Preconditions::checkArgument (13 bytes)
Event: 1.712 Thread 0x00000278877edc90 nmethod 2237 0x00000278ea6ab890 code [0x00000278ea6aba40, 0x00000278ea6abc28]

GC Heap History (6 events):
Event: 0.712 GC heap before
{Heap before GC invocations=0 (full 0):
 garbage-first heap   total 327680K, used 20480K [0x00000006c1c00000, 0x0000000800000000)
  region size 4096K, 5 young (20480K), 0 survivors (0K)
 Metaspace       used 13574K, committed 13824K, reserved 1064960K
  class space    used 1300K, committed 1408K, reserved 1048576K
}
Event: 0.715 GC heap after
{Heap after GC invocations=1 (full 0):
 garbage-first heap   total 327680K, used 4081K [0x00000006c1c00000, 0x0000000800000000)
  region size 4096K, 1 young (4096K), 1 survivors (4096K)
 Metaspace       used 13574K, committed 13824K, reserved 1064960K
  class space    used 1300K, committed 1408K, reserved 1048576K
}
Event: 1.075 GC heap before
{Heap before GC invocations=1 (full 0):
 garbage-first heap   total 327680K, used 20465K [0x00000006c1c00000, 0x0000000800000000)
  region size 4096K, 5 young (20480K), 1 survivors (4096K)
 Metaspace       used 18931K, committed 19200K, reserved 1073152K
  class space    used 1926K, committed 2048K, reserved 1048576K
}
Event: 1.079 GC heap after
{Heap after GC invocations=2 (full 0):
 garbage-first heap   total 327680K, used 6233K [0x00000006c1c00000, 0x0000000800000000)
  region size 4096K, 1 young (4096K), 1 survivors (4096K)
 Metaspace       used 18931K, committed 19200K, reserved 1073152K
  class space    used 1926K, committed 2048K, reserved 1048576K
}
Event: 1.358 GC heap before
{Heap before GC invocations=2 (full 0):
 garbage-first heap   total 327680K, used 22617K [0x00000006c1c00000, 0x0000000800000000)
  region size 4096K, 6 young (24576K), 1 survivors (4096K)
 Metaspace       used 21007K, committed 21248K, reserved 1073152K
  class space    used 2109K, committed 2240K, reserved 1048576K
}
Event: 1.363 GC heap after
{Heap after GC invocations=3 (full 0):
 garbage-first heap   total 327680K, used 8865K [0x00000006c1c00000, 0x0000000800000000)
  region size 4096K, 2 young (8192K), 2 survivors (8192K)
 Metaspace       used 21007K, committed 21248K, reserved 1073152K
  class space    used 2109K, committed 2240K, reserved 1048576K
}

Deoptimization events (20 events):
Event: 1.650 Thread 0x00000278e67428a0 Uncommon trap: trap_request=0xffffffde fr.pc=0x00000278f183bda0 relative=0x00000000000002e0
Event: 1.650 Thread 0x00000278e67428a0 Uncommon trap: reason=class_check action=maybe_recompile pc=0x00000278f183bda0 method=java.util.regex.Matcher.search(I)Z @ 121 c2
Event: 1.650 Thread 0x00000278e67428a0 DEOPT PACKING pc=0x00000278f183bda0 sp=0x000000eb8fafbfa0
Event: 1.650 Thread 0x00000278e67428a0 DEOPT UNPACKING pc=0x00000278e9cfd72e sp=0x000000eb8fafbf30 mode 2
Event: 1.650 Thread 0x00000278e67428a0 Uncommon trap: trap_request=0xffffff45 fr.pc=0x00000278f184b3f8 relative=0x00000000000006d8
Event: 1.650 Thread 0x00000278e67428a0 Uncommon trap: reason=unstable_if action=reinterpret pc=0x00000278f184b3f8 method=java.util.regex.Pattern$BmpCharProperty.match(Ljava/util/regex/Matcher;ILjava/lang/CharSequence;)Z @ 5 c2
Event: 1.650 Thread 0x00000278e67428a0 DEOPT PACKING pc=0x00000278f184b3f8 sp=0x000000eb8fafbdc0
Event: 1.650 Thread 0x00000278e67428a0 DEOPT UNPACKING pc=0x00000278e9cfd72e sp=0x000000eb8fafbd98 mode 2
Event: 1.650 Thread 0x00000278e67428a0 Uncommon trap: trap_request=0xffffffde fr.pc=0x00000278f183bda0 relative=0x00000000000002e0
Event: 1.650 Thread 0x00000278e67428a0 Uncommon trap: reason=class_check action=maybe_recompile pc=0x00000278f183bda0 method=java.util.regex.Matcher.search(I)Z @ 121 c2
Event: 1.650 Thread 0x00000278e67428a0 DEOPT PACKING pc=0x00000278f183bda0 sp=0x000000eb8fafc070
Event: 1.650 Thread 0x00000278e67428a0 DEOPT UNPACKING pc=0x00000278e9cfd72e sp=0x000000eb8fafc000 mode 2
Event: 1.650 Thread 0x00000278e67428a0 Uncommon trap: trap_request=0xffffffde fr.pc=0x00000278f183bda0 relative=0x00000000000002e0
Event: 1.650 Thread 0x00000278e67428a0 Uncommon trap: reason=class_check action=maybe_recompile pc=0x00000278f183bda0 method=java.util.regex.Matcher.search(I)Z @ 121 c2
Event: 1.650 Thread 0x00000278e67428a0 DEOPT PACKING pc=0x00000278f183bda0 sp=0x000000eb8fafc150
Event: 1.650 Thread 0x00000278e67428a0 DEOPT UNPACKING pc=0x00000278e9cfd72e sp=0x000000eb8fafc0e0 mode 2
Event: 1.650 Thread 0x00000278e67428a0 Uncommon trap: trap_request=0xffffffde fr.pc=0x00000278f183bda0 relative=0x00000000000002e0
Event: 1.650 Thread 0x00000278e67428a0 Uncommon trap: reason=class_check action=maybe_recompile pc=0x00000278f183bda0 method=java.util.regex.Matcher.search(I)Z @ 121 c2
Event: 1.650 Thread 0x00000278e67428a0 DEOPT PACKING pc=0x00000278f183bda0 sp=0x000000eb8fafbfa0
Event: 1.650 Thread 0x00000278e67428a0 DEOPT UNPACKING pc=0x00000278e9cfd72e sp=0x000000eb8fafbf30 mode 2

Classes unloaded (0 events):
No events

Classes redefined (0 events):
No events

Internal exceptions (20 events):
Event: 1.157 Thread 0x00000278e67428a0 Exception <a 'java/lang/NoSuchMethodError'{0x00000006d5bcf1f0}: 'int java.lang.invoke.DirectMethodHandle$Holder.invokeStatic(java.lang.Object, java.lang.Object, int)'> (0x00000006d5bcf1f0) 
thrown [t:\workspace\open\src\hotspot\share\interpreter\linkResolver.cpp, line 790]
Event: 1.370 Thread 0x00000278e67428a0 Exception <a 'java/net/SocketException'{0x00000006d584b080}: Socket is not connected: shutdown> (0x00000006d584b080) 
thrown [t:\workspace\open\src\hotspot\share\prims\jni.cpp, line 600]
Event: 1.475 Thread 0x00000278894dc1f0 Exception <a 'java/lang/NoSuchMethodError'{0x00000006c4699110}: 'void java.lang.invoke.DirectMethodHandle$Holder.invokeStatic(java.lang.Object, long)'> (0x00000006c4699110) 
thrown [t:\workspace\open\src\hotspot\share\interpreter\linkResolver.cpp, line 790]
Event: 1.475 Thread 0x00000278894dc1f0 Exception <a 'java/lang/NoSuchMethodError'{0x00000006c469e6e8}: 'java.lang.Object java.lang.invoke.DirectMethodHandle$Holder.newInvokeSpecial(java.lang.Object, long)'> (0x00000006c469e6e8) 
thrown [t:\workspace\open\src\hotspot\share\interpreter\linkResolver.cpp, line 790]
Event: 1.477 Thread 0x00000278894dc1f0 Exception <a 'java/lang/NoSuchMethodError'{0x00000006c46a54e8}: 'java.lang.Object java.lang.invoke.DirectMethodHandle$Holder.invokeStatic(java.lang.Object, java.lang.Object, long, java.lang.Object)'> (0x00000006c46a54e8) 
thrown [t:\workspace\open\src\hotspot\share\interpreter\linkResolver.cpp, line 790]
Event: 1.477 Thread 0x00000278894dc1f0 Exception <a 'java/lang/NoSuchMethodError'{0x00000006c46a8ee0}: 'java.lang.Object java.lang.invoke.DirectMethodHandle$Holder.invokeStaticInit(java.lang.Object, java.lang.Object, long, java.lang.Object)'> (0x00000006c46a8ee0) 
thrown [t:\workspace\open\src\hotspot\share\interpreter\linkResolver.cpp, line 790]
Event: 1.478 Thread 0x00000278894dc1f0 Exception <a 'java/lang/NoSuchMethodError'{0x00000006c46af258}: 'java.lang.Object java.lang.invoke.DirectMethodHandle$Holder.newInvokeSpecial(java.lang.Object, java.lang.Object, long)'> (0x00000006c46af258) 
thrown [t:\workspace\open\src\hotspot\share\interpreter\linkResolver.cpp, line 790]
Event: 1.479 Thread 0x00000278894dd370 Exception <a 'java/net/ConnectException'{0x00000006c4738218}: Connection refused: no further information> (0x00000006c4738218) 
thrown [t:\workspace\open\src\hotspot\share\prims\jni.cpp, line 600]
Event: 1.479 Thread 0x00000278894dd370 Exception <a 'java/net/SocketException'{0x00000006c4738550}: Socket is not connected: shutdown> (0x00000006c4738550) 
thrown [t:\workspace\open\src\hotspot\share\prims\jni.cpp, line 600]
Event: 1.504 Thread 0x00000278894dd370 Exception <a 'java/net/ConnectException'{0x00000006c4739538}: Connection refused: no further information> (0x00000006c4739538) 
thrown [t:\workspace\open\src\hotspot\share\prims\jni.cpp, line 600]
Event: 1.504 Thread 0x00000278894dd370 Exception <a 'java/net/SocketException'{0x00000006c4739870}: Socket is not connected: shutdown> (0x00000006c4739870) 
thrown [t:\workspace\open\src\hotspot\share\prims\jni.cpp, line 600]
Event: 1.554 Thread 0x00000278e67428a0 Exception <a 'java/lang/NoSuchMethodError'{0x00000006c45fcb60}: 'java.lang.Object java.lang.invoke.DirectMethodHandle$Holder.invokeInterface(java.lang.Object, java.lang.Object, java.lang.Object)'> (0x00000006c45fcb60) 
thrown [t:\workspace\open\src\hotspot\share\interpreter\linkResolver.cpp, line 790]
Event: 1.554 Thread 0x00000278e67428a0 Exception <a 'java/lang/IncompatibleClassChangeError'{0x00000006c46003f8}: Found class java.lang.Object, but interface was expected> (0x00000006c46003f8) 
thrown [t:\workspace\open\src\hotspot\share\interpreter\linkResolver.cpp, line 857]
Event: 1.555 Thread 0x00000278e67428a0 Exception <a 'java/lang/NoSuchMethodError'{0x00000006c4608dd8}: 'int java.lang.invoke.DirectMethodHandle$Holder.invokeSpecialIFC(java.lang.Object, java.lang.Object, java.lang.Object, java.lang.Object)'> (0x00000006c4608dd8) 
thrown [t:\workspace\open\src\hotspot\share\interpreter\linkResolver.cpp, line 790]
Event: 1.556 Thread 0x00000278e67428a0 Exception <a 'java/lang/NoSuchMethodError'{0x00000006c4611630}: 'java.lang.Object java.lang.invoke.DirectMethodHandle$Holder.invokeInterface(java.lang.Object, java.lang.Object, java.lang.Object, java.lang.Object)'> (0x00000006c4611630) 
thrown [t:\workspace\open\src\hotspot\share\interpreter\linkResolver.cpp, line 790]
Event: 1.569 Thread 0x00000278e67428a0 Exception <a 'java/lang/NoSuchMethodError'{0x00000006c4020a00}: 'void java.lang.invoke.DirectMethodHandle$Holder.invokeInterface(java.lang.Object, java.lang.Object, java.lang.Object)'> (0x00000006c4020a00) 
thrown [t:\workspace\open\src\hotspot\share\interpreter\linkResolver.cpp, line 790]
Event: 1.576 Thread 0x00000278e67428a0 Exception <a 'java/lang/NoSuchMethodError'{0x00000006c407ebe8}: 'double java.lang.invoke.DirectMethodHandle$Holder.invokeVirtual(java.lang.Object, java.lang.Object)'> (0x00000006c407ebe8) 
thrown [t:\workspace\open\src\hotspot\share\interpreter\linkResolver.cpp, line 790]
Event: 1.577 Thread 0x00000278e67428a0 Exception <a 'java/lang/NoSuchMethodError'{0x00000006c40855d0}: 'float java.lang.invoke.DirectMethodHandle$Holder.invokeVirtual(java.lang.Object, java.lang.Object)'> (0x00000006c40855d0) 
thrown [t:\workspace\open\src\hotspot\share\interpreter\linkResolver.cpp, line 790]
Event: 1.578 Thread 0x00000278e67428a0 Exception <a 'java/lang/NoSuchMethodError'{0x00000006c408e858}: 'long java.lang.invoke.DirectMethodHandle$Holder.invokeVirtual(java.lang.Object, java.lang.Object)'> (0x00000006c408e858) 
thrown [t:\workspace\open\src\hotspot\share\interpreter\linkResolver.cpp, line 790]
Event: 1.608 Thread 0x00000278e67428a0 Exception <a 'java/lang/NoSuchMethodError'{0x00000006c41e38c8}: 'void java.lang.invoke.DirectMethodHandle$Holder.invokeSpecial(java.lang.Object, java.lang.Object, java.lang.Object, java.lang.Object, java.lang.Object)'> (0x00000006c41e38c8) 
thrown [t:\workspace\open\src\hotspot\share\interpreter\linkResolver.cpp, line 790]

Events (20 events):
Event: 1.630 loading class java/util/stream/ReferencePipeline$15
Event: 1.630 loading class java/util/stream/ReferencePipeline$15 done
Event: 1.631 loading class java/util/stream/ReferencePipeline$15$1
Event: 1.632 loading class java/util/stream/ReferencePipeline$15$1 done
Event: 1.635 loading class java/util/HashMap$EntrySpliterator
Event: 1.635 loading class java/util/HashMap$EntrySpliterator done
Event: 1.646 loading class java/util/TreeMap$EntrySpliterator
Event: 1.646 loading class java/util/TreeMap$TreeMapSpliterator
Event: 1.646 loading class java/util/TreeMap$TreeMapSpliterator done
Event: 1.646 loading class java/util/TreeMap$EntrySpliterator done
Event: 1.647 loading class java/util/stream/DistinctOps
Event: 1.647 loading class java/util/stream/DistinctOps done
Event: 1.647 loading class java/util/stream/DistinctOps$1
Event: 1.647 loading class java/util/stream/DistinctOps$1 done
Event: 1.647 Executing  VM operation: HandshakeAllThreads
Event: 1.647 Executing  VM operation: HandshakeAllThreads done
Event: 1.660 loading class java/util/stream/DistinctOps$1$2
Event: 1.660 loading class java/util/stream/DistinctOps$1$2 done
Event: 1.695 loading class java/util/DualPivotQuicksort
Event: 1.695 loading class java/util/DualPivotQuicksort done


Dynamic libraries:
0x00007ff74c430000 - 0x00007ff74c43e000 	C:\Users\Lenovo\Downloads\eclipse\plugins\org.eclipse.justj.openjdk.hotspot.jre.full.win32.x86_64_16.0.1.v20210528-1205\jre\bin\javaw.exe
0x00007ff8a3080000 - 0x00007ff8a3289000 	C:\WINDOWS\SYSTEM32\ntdll.dll
0x00007ff8a24d0000 - 0x00007ff8a258d000 	C:\WINDOWS\System32\KERNEL32.DLL
0x00007ff8a08b0000 - 0x00007ff8a0c2c000 	C:\WINDOWS\System32\KERNELBASE.dll
0x00007ff8a0c30000 - 0x00007ff8a0d41000 	C:\WINDOWS\System32\ucrtbase.dll
0x00007ff894310000 - 0x00007ff894328000 	C:\Users\Lenovo\Downloads\eclipse\plugins\org.eclipse.justj.openjdk.hotspot.jre.full.win32.x86_64_16.0.1.v20210528-1205\jre\bin\jli.dll
0x00007ff8912d0000 - 0x00007ff8912e9000 	C:\Users\Lenovo\Downloads\eclipse\plugins\org.eclipse.justj.openjdk.hotspot.jre.full.win32.x86_64_16.0.1.v20210528-1205\jre\bin\VCRUNTIME140.dll
0x00007ff8a2ba0000 - 0x00007ff8a2d4d000 	C:\WINDOWS\System32\USER32.dll
0x00007ff8a0880000 - 0x00007ff8a08a6000 	C:\WINDOWS\System32\win32u.dll
0x00007ff87dda0000 - 0x00007ff87e045000 	C:\WINDOWS\WinSxS\amd64_microsoft.windows.common-controls_6595b64144ccf1df_6.0.22000.120_none_9d947278b86cc467\COMCTL32.dll
0x00007ff8a24a0000 - 0x00007ff8a24c9000 	C:\WINDOWS\System32\GDI32.dll
0x00007ff8a0f10000 - 0x00007ff8a0fb3000 	C:\WINDOWS\System32\msvcrt.dll
0x00007ff8a0df0000 - 0x00007ff8a0f09000 	C:\WINDOWS\System32\gdi32full.dll
0x00007ff8a0d50000 - 0x00007ff8a0ded000 	C:\WINDOWS\System32\msvcp_win.dll
0x00007ff8a1ff0000 - 0x00007ff8a2021000 	C:\WINDOWS\System32\IMM32.DLL
0x00007ff896e50000 - 0x00007ff896e5c000 	C:\Users\Lenovo\Downloads\eclipse\plugins\org.eclipse.justj.openjdk.hotspot.jre.full.win32.x86_64_16.0.1.v20210528-1205\jre\bin\vcruntime140_1.dll
0x00007ff87bee0000 - 0x00007ff87bf71000 	C:\Users\Lenovo\Downloads\eclipse\plugins\org.eclipse.justj.openjdk.hotspot.jre.full.win32.x86_64_16.0.1.v20210528-1205\jre\bin\msvcp140.dll
0x00007ff839520000 - 0x00007ff83a0cb000 	C:\Users\Lenovo\Downloads\eclipse\plugins\org.eclipse.justj.openjdk.hotspot.jre.full.win32.x86_64_16.0.1.v20210528-1205\jre\bin\server\jvm.dll
0x00007ff8a19d0000 - 0x00007ff8a1a7e000 	C:\WINDOWS\System32\ADVAPI32.dll
0x00007ff8a1090000 - 0x00007ff8a112e000 	C:\WINDOWS\System32\sechost.dll
0x00007ff8a1d40000 - 0x00007ff8a1e60000 	C:\WINDOWS\System32\RPCRT4.dll
0x00007ff8a1080000 - 0x00007ff8a1088000 	C:\WINDOWS\System32\PSAPI.DLL
0x00007ff89c6e0000 - 0x00007ff89c6e9000 	C:\WINDOWS\SYSTEM32\WSOCK32.dll
0x00007ff8a2d50000 - 0x00007ff8a2dbf000 	C:\WINDOWS\System32\WS2_32.dll
0x00007ff8995b0000 - 0x00007ff8995e3000 	C:\WINDOWS\SYSTEM32\WINMM.dll
0x00007ff899590000 - 0x00007ff89959a000 	C:\WINDOWS\SYSTEM32\VERSION.dll
0x00007ff89f650000 - 0x00007ff89f668000 	C:\WINDOWS\SYSTEM32\kernel.appcore.dll
0x00007ff8997f0000 - 0x00007ff8997fa000 	C:\Users\Lenovo\Downloads\eclipse\plugins\org.eclipse.justj.openjdk.hotspot.jre.full.win32.x86_64_16.0.1.v20210528-1205\jre\bin\jimage.dll
0x00007ff89e080000 - 0x00007ff89e2a1000 	C:\WINDOWS\SYSTEM32\DBGHELP.DLL
0x00007ff898d90000 - 0x00007ff898dc1000 	C:\WINDOWS\SYSTEM32\dbgcore.DLL
0x00007ff8a0800000 - 0x00007ff8a087f000 	C:\WINDOWS\System32\bcryptPrimitives.dll
0x00007ff8946e0000 - 0x00007ff894705000 	C:\Users\Lenovo\Downloads\eclipse\plugins\org.eclipse.justj.openjdk.hotspot.jre.full.win32.x86_64_16.0.1.v20210528-1205\jre\bin\java.dll
0x00007ff896cb0000 - 0x00007ff896cc8000 	C:\Users\Lenovo\Downloads\eclipse\plugins\org.eclipse.justj.openjdk.hotspot.jre.full.win32.x86_64_16.0.1.v20210528-1205\jre\bin\zip.dll
0x00007ff8a1210000 - 0x00007ff8a19c8000 	C:\WINDOWS\System32\SHELL32.dll
0x00007ff89e6c0000 - 0x00007ff89ef28000 	C:\WINDOWS\SYSTEM32\windows.storage.dll
0x00007ff8a2820000 - 0x00007ff8a2b99000 	C:\WINDOWS\System32\combase.dll
0x00007ff89e550000 - 0x00007ff89e6b6000 	C:\WINDOWS\SYSTEM32\wintypes.dll
0x00007ff8a2730000 - 0x00007ff8a281a000 	C:\WINDOWS\System32\SHCORE.dll
0x00007ff8a1020000 - 0x00007ff8a107d000 	C:\WINDOWS\System32\shlwapi.dll
0x00007ff8a0490000 - 0x00007ff8a04b1000 	C:\WINDOWS\SYSTEM32\profapi.dll
0x00007ff896450000 - 0x00007ff896469000 	C:\Users\Lenovo\Downloads\eclipse\plugins\org.eclipse.justj.openjdk.hotspot.jre.full.win32.x86_64_16.0.1.v20210528-1205\jre\bin\net.dll
0x00007ff899cf0000 - 0x00007ff899dfc000 	C:\WINDOWS\SYSTEM32\WINHTTP.dll
0x00007ff89fa80000 - 0x00007ff89fae7000 	C:\WINDOWS\system32\mswsock.dll
0x00007ff8944c0000 - 0x00007ff8944d3000 	C:\Users\Lenovo\Downloads\eclipse\plugins\org.eclipse.justj.openjdk.hotspot.jre.full.win32.x86_64_16.0.1.v20210528-1205\jre\bin\nio.dll
0x00007ff89bca0000 - 0x00007ff89bcb0000 	C:\Users\Lenovo\Downloads\eclipse\plugins\org.eclipse.justj.openjdk.hotspot.jre.full.win32.x86_64_16.0.1.v20210528-1205\jre\bin\verify.dll
0x00007ff89f1b0000 - 0x00007ff89f298000 	C:\WINDOWS\SYSTEM32\DNSAPI.dll
0x00007ff89f180000 - 0x00007ff89f1ad000 	C:\WINDOWS\SYSTEM32\IPHLPAPI.DLL
0x00007ff8a1d30000 - 0x00007ff8a1d39000 	C:\WINDOWS\System32\NSI.dll
0x00007ff896fb0000 - 0x00007ff896fba000 	C:\Windows\System32\rasadhlp.dll
0x00007ff896be0000 - 0x00007ff896c61000 	C:\WINDOWS\System32\fwpuclnt.dll
0x00007ff89fcc0000 - 0x00007ff89fcd8000 	C:\WINDOWS\SYSTEM32\CRYPTSP.dll
0x00007ff89f5b0000 - 0x00007ff89f5e5000 	C:\WINDOWS\system32\rsaenh.dll
0x00007ff89fb70000 - 0x00007ff89fb99000 	C:\WINDOWS\SYSTEM32\USERENV.dll
0x00007ff89fe50000 - 0x00007ff89fe77000 	C:\WINDOWS\SYSTEM32\bcrypt.dll
0x00007ff89fce0000 - 0x00007ff89fcec000 	C:\WINDOWS\SYSTEM32\CRYPTBASE.dll
0x00007ff899b00000 - 0x00007ff899b19000 	C:\WINDOWS\SYSTEM32\dhcpcsvc6.DLL
0x00007ff89a110000 - 0x00007ff89a12e000 	C:\WINDOWS\SYSTEM32\dhcpcsvc.DLL
0x00007ff8997a0000 - 0x00007ff8997ae000 	C:\Users\Lenovo\Downloads\eclipse\plugins\org.eclipse.justj.openjdk.hotspot.jre.full.win32.x86_64_16.0.1.v20210528-1205\jre\bin\sunmscapi.dll
0x00007ff8a0560000 - 0x00007ff8a06c2000 	C:\WINDOWS\System32\CRYPT32.dll
0x00007ff89fe20000 - 0x00007ff89fe48000 	C:\WINDOWS\SYSTEM32\ncrypt.dll
0x00007ff89fde0000 - 0x00007ff89fe17000 	C:\WINDOWS\SYSTEM32\NTASN1.dll

dbghelp: loaded successfully - version: 4.0.5 - missing functions: none
symbol engine: initialized successfully - sym options: 0x614 - pdb path: .;C:\Users\Lenovo\Downloads\eclipse\plugins\org.eclipse.justj.openjdk.hotspot.jre.full.win32.x86_64_16.0.1.v20210528-1205\jre\bin;C:\WINDOWS\SYSTEM32;C:\WINDOWS\WinSxS\amd64_microsoft.windows.common-controls_6595b64144ccf1df_6.0.22000.120_none_9d947278b86cc467;C:\Users\Lenovo\Downloads\eclipse\plugins\org.eclipse.justj.openjdk.hotspot.jre.full.win32.x86_64_16.0.1.v20210528-1205\jre\bin\server

VM Arguments:
jvm_args: -ea -Dfile.encoding=Cp1252 -XX:+ShowCodeDetailsInExceptionMessages 
java_command: org.testng.remote.RemoteTestNG -serport 62070 -protocol json -d D:\b6_workspace\Batch6\test-output C:\Users\Lenovo\AppData\Local\Temp\testng-eclipse--629149513\testng-customsuite.xml
java_class_path (initial): C:\Users\Lenovo\Downloads\eclipse\configuration\org.eclipse.osgi\461\0\.cp\lib\testng-remote.jar;D:\b6_workspace\Batch6\target\test-classes;D:\b6_workspace\Batch6\target\classes;C:\Users\Lenovo\.m2\repository\org\seleniumhq\selenium\selenium-java\3.141.59\selenium-java-3.141.59.jar;C:\Users\Lenovo\.m2\repository\org\seleniumhq\selenium\selenium-api\3.141.59\selenium-api-3.141.59.jar;C:\Users\Lenovo\.m2\repository\org\seleniumhq\selenium\selenium-chrome-driver\3.141.59\selenium-chrome-driver-3.141.59.jar;C:\Users\Lenovo\.m2\repository\org\seleniumhq\selenium\selenium-edge-driver\3.141.59\selenium-edge-driver-3.141.59.jar;C:\Users\Lenovo\.m2\repository\org\seleniumhq\selenium\selenium-firefox-driver\3.141.59\selenium-firefox-driver-3.141.59.jar;C:\Users\Lenovo\.m2\repository\org\seleniumhq\selenium\selenium-ie-driver\3.141.59\selenium-ie-driver-3.141.59.jar;C:\Users\Lenovo\.m2\repository\org\seleniumhq\selenium\selenium-opera-driver\3.141.59\selenium-opera-driver-3.141.59.jar;C:\Users\Lenovo\.m2\repository\org\seleniumhq\selenium\selenium-remote-driver\3.141.59\selenium-remote-driver-3.141.59.jar;C:\Users\Lenovo\.m2\repository\org\seleniumhq\selenium\selenium-safari-driver\3.141.59\selenium-safari-driver-3.141.59.jar;C:\Users\Lenovo\.m2\repository\org\seleniumhq\selenium\selenium-support\3.141.59\selenium-support-3.141.59.jar;C:\Users\Lenovo\.m2\repository\net\bytebuddy\byte-buddy\1.8.15\byte-buddy-1.8.15.jar;C:\Users\Lenovo\.m2\repository\org\apache\commons\commons-exec\1.3\commons-exec-1.3.jar;C:\Users\Lenovo\.m2\repository\com\google\guava\guava\25.0-jre\guava-25.0-jre.jar;C:\Users\Lenovo\.m2\repository\org\checkerframework\checker-compat-qual\2.0.0\checker-compat-qual-2.0.0.jar;C:\Users\Lenovo\.m2\repository\com\google\errorprone\error_prone_annotations\2.1.3\error_prone_annotations-2.1.3.jar;C:\Users\Lenovo\.m2\repository\com\google\j2objc\j2objc-annotations\1.1\j2objc-annotations-1.1.jar;C:\Users\Lenovo\.m2\repository\org\codehaus\mo
Launcher Type: SUN_STANDARD

[Global flags]
     intx CICompilerCount                          = 4                                         {product} {ergonomic}
     uint ConcGCThreads                            = 2                                         {product} {ergonomic}
     uint G1ConcRefinementThreads                  = 8                                         {product} {ergonomic}
   size_t G1HeapRegionSize                         = 4194304                                   {product} {ergonomic}
    uintx GCDrainStackTargetSize                   = 64                                        {product} {ergonomic}
   size_t InitialHeapSize                          = 335544320                                 {product} {ergonomic}
   size_t MarkStackSize                            = 4194304                                   {product} {ergonomic}
   size_t MaxHeapSize                              = 5339348992                                {product} {ergonomic}
   size_t MaxNewSize                               = 3200253952                                {product} {ergonomic}
   size_t MinHeapDeltaBytes                        = 4194304                                   {product} {ergonomic}
   size_t MinHeapSize                              = 8388608                                   {product} {ergonomic}
    uintx NonNMethodCodeHeapSize                   = 5839372                                {pd product} {ergonomic}
    uintx NonProfiledCodeHeapSize                  = 122909434                              {pd product} {ergonomic}
    uintx ProfiledCodeHeapSize                     = 122909434                              {pd product} {ergonomic}
    uintx ReservedCodeCacheSize                    = 251658240                              {pd product} {ergonomic}
     bool SegmentedCodeCache                       = true                                      {product} {ergonomic}
     bool ShowCodeDetailsInExceptionMessages       = true                                   {manageable} {command line}
   size_t SoftMaxHeapSize                          = 5339348992                             {manageable} {ergonomic}
     bool UseCompressedClassPointers               = true                           {product lp64_product} {ergonomic}
     bool UseCompressedOops                        = true                           {product lp64_product} {ergonomic}
     bool UseG1GC                                  = true                                      {product} {ergonomic}
     bool UseLargePagesIndividualAllocation        = false                                  {pd product} {ergonomic}

Logging:
Log output configuration:
 #0: stdout all=warning uptime,level,tags
 #1: stderr all=off uptime,level,tags

Environment Variables:
PATH=C:/Users/Lenovo/Downloads/eclipse//plugins/org.eclipse.justj.openjdk.hotspot.jre.full.win32.x86_64_16.0.1.v20210528-1205/jre/bin/server;C:/Users/Lenovo/Downloads/eclipse//plugins/org.eclipse.justj.openjdk.hotspot.jre.full.win32.x86_64_16.0.1.v20210528-1205/jre/bin;C:\Program Files\Common Files\Oracle\Java\javapath;C:\WINDOWS\system32;C:\WINDOWS;C:\WINDOWS\System32\Wbem;C:\WINDOWS\System32\WindowsPowerShell\v1.0\;C:\WINDOWS\System32\OpenSSH\;C:\Program Files\Git\cmd;E:\apache-maven-3.8.5\apache-maven-3.8.5\bin;C:\Program Files\nodejs\;C:\Program Files\dotnet\;C:\Users\Lenovo\AppData\Local\Microsoft\WindowsApps;C:\Program Files\JetBrains\IntelliJ IDEA Community Edition 2022.1\bin;;C:\Users\Lenovo\AppData\Roaming\npm;C:\Users\Lenovo\AppData\Local\Programs\Microsoft VS Code\bin;C:\Users\Lenovo\.dotnet\tools;C:\Users\Lenovo\AppData\Local\GitHubDesktop\bin;C:\Users\Lenovo\Downloads\eclipse;
USERNAME=Lenovo
OS=Windows_NT
PROCESSOR_IDENTIFIER=Intel64 Family 6 Model 142 Stepping 12, GenuineIntel



---------------  S Y S T E M  ---------------

OS:
 Windows 10 , 64 bit Build 22000 (10.0.22000.708)
OS uptime: 5 days 14:28 hours

CPU: total 8 (initial active 8) (4 cores per cpu, 2 threads per core) family 6 model 142 stepping 12 microcode 0xea, cx8, cmov, fxsr, ht, mmx, 3dnowpref, sse, sse2, sse3, ssse3, sse4.1, sse4.2, popcnt, lzcnt, tsc, tscinvbit, avx, avx2, aes, erms, clmul, bmi1, bmi2, adx, fma, vzeroupper, clflush, clflushopt

Memory: 4k page, system-wide physical 20360M (4734M free)
TotalPageFile size 35152M (AvailPageFile size 8419M)
current process WorkingSet (physical memory assigned to process): 116M, peak: 117M
current process commit charge ("private bytes"): 180M, peak: 447M

vm_info: OpenJDK 64-Bit Server VM (16.0.1+9-24) for windows-amd64 JRE (16.0.1+9-24), built on Mar 26 2021 19:30:07 by "mach5one" with MS VC++ 16.7 (VS2019)

END.
